<?xml version="1.0" encoding="UTF-8"?>
<testng-results skipped="0" failed="0" ignored="0" total="4" passed="4">
  <reporter-output>
  </reporter-output>
  <suite name="Default suite" duration-ms="28763" started-at="2021-10-13T07:41:21Z" finished-at="2021-10-13T07:41:50Z">
    <groups>
    </groups>
    <test name="Default test" duration-ms="28763" started-at="2021-10-13T07:41:21Z" finished-at="2021-10-13T07:41:50Z">
      <class name="org.swiggytest.Swiggy">
        <test-method status="PASS" signature="SwiggyLogin()[pri:1, instance:org.swiggytest.Swiggy@46d56d67]" name="SwiggyLogin" duration-ms="10714" started-at="2021-10-13T13:11:21Z" finished-at="2021-10-13T13:11:32Z">
          <reporter-output>
          </reporter-output>
        </test-method> <!-- SwiggyLogin -->
        <test-method status="PASS" signature="SwiggySignup()[pri:2, instance:org.swiggytest.Swiggy@46d56d67]" name="SwiggySignup" duration-ms="7269" started-at="2021-10-13T13:11:32Z" finished-at="2021-10-13T13:11:39Z">
          <reporter-output>
          </reporter-output>
        </test-method> <!-- SwiggySignup -->
        <test-method status="PASS" signature="SwiggyLocateMe()[pri:3, instance:org.swiggytest.Swiggy@46d56d67]" name="SwiggyLocateMe" duration-ms="5101" started-at="2021-10-13T13:11:39Z" finished-at="2021-10-13T13:11:44Z">
          <reporter-output>
          </reporter-output>
        </test-method> <!-- SwiggyLocateMe -->
        <test-method status="PASS" signature="SwiggyFindFood()[pri:4, instance:org.swiggytest.Swiggy@46d56d67]" name="SwiggyFindFood" duration-ms="5623" started-at="2021-10-13T13:11:44Z" finished-at="2021-10-13T13:11:50Z">
          <reporter-output>
          </reporter-output>
        </test-method> <!-- SwiggyFindFood -->
      </class> <!-- org.swiggytest.Swiggy -->
    </test> <!-- Default test -->
  </suite> <!-- Default suite -->
</testng-results>
