<?xml version="1.0" encoding="UTF-8"?>
<testng-results skipped="0" failed="0" ignored="0" total="1" passed="1">
  <reporter-output>
  </reporter-output>
  <suite name="Default suite" duration-ms="17672" started-at="2021-08-20T12:14:41Z" finished-at="2021-08-20T12:14:59Z">
    <groups>
    </groups>
    <test name="Default test" duration-ms="17672" started-at="2021-08-20T12:14:41Z" finished-at="2021-08-20T12:14:59Z">
      <class name="org.sample.sample">
        <test-method status="PASS" signature="open()[pri:0, instance:org.sample.sample@482f8f11]" name="open" is-config="true" duration-ms="16105" started-at="2021-08-20T17:44:41Z" finished-at="2021-08-20T17:44:57Z">
          <reporter-output>
          </reporter-output>
        </test-method> <!-- open -->
        <test-method status="PASS" signature="tcl()[pri:0, instance:org.sample.sample@482f8f11]" name="tcl" duration-ms="561" started-at="2021-08-20T17:44:57Z" finished-at="2021-08-20T17:44:58Z">
          <reporter-output>
          </reporter-output>
        </test-method> <!-- tcl -->
        <test-method status="PASS" signature="end()[pri:0, instance:org.sample.sample@482f8f11]" name="end" is-config="true" duration-ms="956" started-at="2021-08-20T17:44:58Z" finished-at="2021-08-20T17:44:59Z">
          <reporter-output>
          </reporter-output>
        </test-method> <!-- end -->
      </class> <!-- org.sample.sample -->
    </test> <!-- Default test -->
  </suite> <!-- Default suite -->
</testng-results>
