<?xml version="1.0" encoding="UTF-8"?>
<!-- Generated by org.testng.reporters.JUnitXMLReporter -->
<testsuite hostname="Mugunthan" ignored="0" name="Test" tests="7" failures="1" timestamp="06 Oct 2021 04:44:24 GMT" time="0.134" errors="0">
  <testcase name="tc1" time="0.016" classname="org.failed.Rerun"/>
  <testcase name="tc2" time="0.0" classname="org.failed.Rerun"/>
  <testcase name="tc3" time="0.0" classname="org.failed.Rerun">
    <skipped/>
  </testcase> <!-- tc3 -->
  <testcase name="tc3" time="0.0" classname="org.failed.Rerun">
    <skipped/>
  </testcase> <!-- tc3 -->
  <testcase name="tc3" time="0.0" classname="org.failed.Rerun">
    <skipped/>
  </testcase> <!-- tc3 -->
  <testcase name="tc3" time="0.0" classname="org.failed.Rerun">
    <failure type="java.lang.AssertionError" message="expected [true] but found [false]">
      <![CDATA[java.lang.AssertionError: expected [true] but found [false]
	at org.failed.Rerun.tc3(Rerun.java:22)
... Removed 29 stack frames]]>
    </failure>
  </testcase> <!-- tc3 -->
  <testcase name="tc4" time="0.0" classname="org.failed.Rerun"/>
</testsuite> <!-- Test -->
